     1 00000000                                 ; haribote-ipl
     2 00000000                                 ; TAB=4
     3 00000000                                 
     4                                          		ORG		0x7c00			; 메모리 안에서 로딩되는 곳
     5 00007C00                                 
     6 00007C00                                 ; 아래는 표준 FAT12 포맷 플로피 디스켓을 위한 내용들
     7 00007C00                                 
     8 00007C00 EB 4E                           		JMP		entry
     9 00007C02 90                              		DB		0x90
    10 00007C03 48 41 52 49 42 4F 54 45         		DB		"HARIBOTE"		; 부트섹터 이름. 마음대로해도 ok
    11 00007C0B 0200                            		DW		512				; 1섹터 크기(바이트 단위, 512)
    12 00007C0D 01                              		DB		1				; 클러스터 크기(1로 해야됨)
    13 00007C0E 0001                            		DW		1				; 예약된 섹터수 
    14 00007C10 02                              		DB		2				; 디스크 FAT 테이블 수
    15 00007C11 00E0                            		DW		224				; 루트 디렉토리 엔트리 수 (보통 224엔트리)
    16 00007C13 0B40                            		DW		2880			; 디스크 총섹터수
    17 00007C15 F0                              		DB		0xf0			; 미디어 타입
    18 00007C16 0009                            		DW		9				; 하나의 FAT 테이블 섹터 수
    19 00007C18 0012                            		DW		18				; 1트랙에 몇 색터가있는지
    20 00007C1A 0002                            		DW		2				; 헤드의 수
    21 00007C1C 00000000                        		DD		0				; 파티션 없으므로 0
    22 00007C20 00000B40                        		DD		2880			; 드라이브 크기 한번더씀
    23 00007C24 00 00 29                        		DB		0,0,0x29		; 필요하다고함
    24 00007C27 FFFFFFFF                        		DD		0xffffffff		; 볼륨 시리얼 번호
    25 00007C2B 48 41 52 49 42 4F 54 45 4F 53   		DB		"HARIBOTEOS "	; 디스크 이름
       00007C35 20 
    26 00007C36 46 41 54 31 32 20 20 20         		DB		"FAT12   "		; 포멧이름
    27 00007C3E 00 00 00 00 00 00 00 00 00 00   		RESB	18				; 18바이트 남김
       00007C48 00 00 00 00 00 00 00 00 
    28 00007C50                                 
    29 00007C50                                 ; 프로그램 본체
    30 00007C50                                 
    31 00007C50                                 entry:
    32 00007C50 B8 0000                         		MOV		AX,0			; 레지스터 초기화
    33 00007C53 8E D0                           		MOV		SS,AX
    34 00007C55 BC 7C00                         		MOV		SP,0x7c00
    35 00007C58 8E D8                           		MOV		DS,AX
    36 00007C5A                                 
    37 00007C5A                                 ; 디스크 읽기
    38 00007C5A                                 
    39 00007C5A B8 0820                         		MOV		AX,0x0820
    40 00007C5D 8E C0                           		MOV		ES,AX
    41 00007C5F B5 00                           		MOV		CH,0			; 실린더 0
    42 00007C61 B6 00                           		MOV		DH,0			; 헤드 0
    43 00007C63 B1 02                           		MOV		CL,2			; 섹터 2 
    44 00007C65                                 
    45 00007C65 B4 02                           		MOV		AH,0x02			; AH=0x02 :디스크 읽기
    46 00007C67 B0 01                           		MOV		AL,1			; 1섹터
    47 00007C69 BB 0000                         		MOV		BX,0
    48 00007C6C B2 00                           		MOV		DL,0x00			; A 드라이브
    49 00007C6E CD 13                           		INT		0x13			; 디스크 BIOS 추출
    50 00007C70 72 03                           		JC		error
    51 00007C72                                 
    52 00007C72                                 
    53 00007C72                                 
    54 00007C72                                 
    55 00007C72                                 fin:
    56 00007C72 F4                              		HLT						; CPU 정지 시킴
    57 00007C73 EB FD                           		JMP		fin				; 무한 루프
    58 00007C75                                 
    59 00007C75                                 error:
    60 00007C75 BE 7C8A                         		MOV		SI,msg
    61 00007C78                                 
    62 00007C78                                 putloop:
    63 00007C78 8A 04                           		MOV		AL,[SI]
    64 00007C7A 83 C6 01                        		ADD		SI,1			; SI에 1 더함
    65 00007C7D 3C 00                           		CMP		AL,0
    66 00007C7F 74 F1                           		JE		fin
    67 00007C81 B4 0E                           		MOV		AH,0x0e			; 한 문자 표시 기능
    68 00007C83 BB 000F                         		MOV		BX,15			; 컬러 코드
    69 00007C86 CD 10                           		INT		0x10			; 비디오 BIOS 호출
    70 00007C88 EB EE                           		JMP		putloop
    71 00007C8A                                 
    72 00007C8A                                 msg:
    73 00007C8A 0A 0A                           		DB		0x0a, 0x0a		; 줄바꿈 문자 2개
    74 00007C8C 6C 6F 61 64 20 65 72 72 6F 72   		DB		"load error"
    75 00007C96 0A                              		DB		0x0a			; 줄바꿈
    76 00007C97 00                              		DB		0
    77 00007C98                                 
    78 00007C98 00 00 00 00 00 00 00 00 00 00   		RESB	0x7dfe-$		; 나머지칸 0채우기
       00007CA2 00 00 00 00 00 00 00 00 00 00 
       00007CAC 00 00 00 00 00 00 00 00 00 00 
       00007CB6 00 00 00 00 00 00 00 00 00 00 
       00007CC0 00 00 00 00 00 00 00 00 00 00 
       00007CCA 00 00 00 00 00 00 00 00 00 00 
       00007CD4 00 00 00 00 00 00 00 00 00 00 
       00007CDE 00 00 00 00 00 00 00 00 00 00 
       00007CE8 00 00 00 00 00 00 00 00 00 00 
       00007CF2 00 00 00 00 00 00 00 00 00 00 
       00007CFC 00 00 00 00 00 00 00 00 00 00 
       00007D06 00 00 00 00 00 00 00 00 00 00 
       00007D10 00 00 00 00 00 00 00 00 00 00 
       00007D1A 00 00 00 00 00 00 00 00 00 00 
       00007D24 00 00 00 00 00 00 00 00 00 00 
       00007D2E 00 00 00 00 00 00 00 00 00 00 
       00007D38 00 00 00 00 00 00 00 00 00 00 
       00007D42 00 00 00 00 00 00 00 00 00 00 
       00007D4C 00 00 00 00 00 00 00 00 00 00 
       00007D56 00 00 00 00 00 00 00 00 00 00 
       00007D60 00 00 00 00 00 00 00 00 00 00 
       00007D6A 00 00 00 00 00 00 00 00 00 00 
       00007D74 00 00 00 00 00 00 00 00 00 00 
       00007D7E 00 00 00 00 00 00 00 00 00 00 
       00007D88 00 00 00 00 00 00 00 00 00 00 
       00007D92 00 00 00 00 00 00 00 00 00 00 
       00007D9C 00 00 00 00 00 00 00 00 00 00 
       00007DA6 00 00 00 00 00 00 00 00 00 00 
       00007DB0 00 00 00 00 00 00 00 00 00 00 
       00007DBA 00 00 00 00 00 00 00 00 00 00 
       00007DC4 00 00 00 00 00 00 00 00 00 00 
       00007DCE 00 00 00 00 00 00 00 00 00 00 
       00007DD8 00 00 00 00 00 00 00 00 00 00 
       00007DE2 00 00 00 00 00 00 00 00 00 00 
       00007DEC 00 00 00 00 00 00 00 00 00 00 
       00007DF6 00 00 00 00 00 00 00 00 
    79 00007DFE                                 
    80 00007DFE 55 AA                           		DB		0x55, 0xaa
