     1 00000000                                 ; haribote-ipl
     2 00000000                                 ; TAB=4
     3 00000000                                 
     4                                          		ORG		0x7c00			; 메모리 안에서 로딩되는 곳
     5 00007C00                                 
     6 00007C00                                 ; 아래는 표준 FAT12 포맷 플로피 디스켓을 위한 내용들
     7 00007C00                                 
     8 00007C00 EB 4C                           		JMP		entry
     9 00007C02 90                              		DB		0x90
    10 00007C03 48 45 4C 4C 4F 49 50 4C         		DB		"HELLOIPL"		; 부트섹터 이름. 마음대로해도 ok
    11 00007C0B 0200                            		DW		512				; 1섹터 크기(바이트 단위, 512)
    12 00007C0D 01                              		DB		1				; 클러스터 크기(1로 해야됨)
    13 00007C0E 0001                            		DW		1				; 예약된 섹터수 
    14 00007C10 02                              		DB		2				; 디스크 FAT 테이블 수
    15 00007C11 00E0                            		DW		224				; 루트 디렉토리 엔트리 수 (보통 224엔트리)
    16 00007C13 0B40                            		DW		2880				; 디스크 총섹터수
    17 00007C15 F0                              		DB		0xf0				; 미디어 타입
    18 00007C16 0009                            		DW		9				; 하나의 FAT 테이블 섹터 수
    19 00007C18 0012                            		DW		18				; 1트랙에 몇 색터가있는지
    20 00007C1A 0002                            		DW		2				; 헤드의 수
    21 00007C1C 00000000                        		DD		0				; 파티션 없으므로 0
    22 00007C20 00000B40                        		DD		2880				; 드라이브 크기 한번더씀
    23 00007C24 00 00 29                        		DB		0, 0, 0x29			; 필요하다고함
    24 00007C27 FFFFFFFF                        		DD		0xffffffff			; 볼륨 시리얼 번호
    25 00007C2B 48 45 4C 4C 4F 2D 4F 53 20      		DB		"HELLO-OS "		; 디스크 이름
    26 00007C34 46 41 54 31 32 20 20 20         		DB		"FAT12   "			; 포멧이름
    27 00007C3C 00 00 00 00 00 00 00 00 00 00   		RESB	18				; 18바이트 남김
       00007C46 00 00 00 00 00 00 00 00 
    28 00007C4E                                 
    29 00007C4E                                 ; 프로그램 본체
    30 00007C4E                                 
    31 00007C4E                                 entry:
    32 00007C4E B8 0000                         		MOV		AX,0			; 레지스터 초기화
    33 00007C51 8E D0                           		MOV		SS,AX
    34 00007C53 BC 7C00                         		MOV		SP,0x7c00
    35 00007C56 8E D8                           		MOV		DS,AX
    36 00007C58                                 
    37 00007C58                                 ; 디스크 읽기
    38 00007C58                                 
    39 00007C58 B8 0820                         		MOV		AX,0x0820
    40 00007C5B 8E C0                           		MOV		ES,AX
    41 00007C5D B5 00                           		MOV		CH,0			; 실린더 0
    42 00007C5F B6 00                           		MOV		DH,0			; 헤드 0
    43 00007C61 B1 02                           		MOV		CL,2			; 섹터 2 
    44 00007C63                                 
    45 00007C63 BE 0000                         		MOV		SI,0			; 실패 횟수를 세는 레지스터
    46 00007C66                                 retry:
    47 00007C66 B4 02                           		MOV		AH,0x02			; AH=0x02 : 디스크 읽기
    48 00007C68 B0 01                           		MOV		AL,1			; 1 섹터
    49 00007C6A BB 0000                         		MOV		BX,0
    50 00007C6D B2 00                           		MOV		DL,0x00			; A 드라이브
    51 00007C6F CD 13                           		INT		0x13			; 디스크 바이오스 호출
    52 00007C71 73 10                           		JNC		fin				; 에러 없으면 fin으로
    53 00007C73 83 C6 01                        		ADD		SI,1			; SI에 1더하기
    54 00007C76 83 FE 05                        		CMP		SI,5			; SI와 5비교
    55 00007C79 73 0B                           		JAE		error			; SI >= 5 이면 에러로
    56 00007C7B B4 00                           		MOV		AH,0x00
    57 00007C7D B2 00                           		MOV		DL,0x00			; A 드라이브
    58 00007C7F CD 13                           		INT		0x13			; 디스크 BIOS 추출
    59 00007C81 EB E3                           		JMP		retry
    60 00007C83                                 
    61 00007C83                                 
    62 00007C83                                 fin:
    63 00007C83 F4                              		HLT						; CPU 정지 시킴
    64 00007C84 EB FD                           		JMP		fin				; 무한 루프
    65 00007C86                                 
    66 00007C86                                 error:
    67 00007C86 BE 7C9B                         		MOV		SI,msg
    68 00007C89                                 
    69 00007C89                                 putloop:
    70 00007C89 8A 04                           		MOV		AL,[SI]
    71 00007C8B 83 C6 01                        		ADD		SI,1			; SI에 1 더함
    72 00007C8E 3C 00                           		CMP		AL,0
    73 00007C90 74 F1                           		JE		fin
    74 00007C92 B4 0E                           		MOV		AH,0x0e			; 한 문자 표시 기능
    75 00007C94 BB 000F                         		MOV		BX,15			; 컬러 코드
    76 00007C97 CD 10                           		INT		0x10			; 비디오 BIOS 호출
    77 00007C99 EB EE                           		JMP		putloop
    78 00007C9B                                 
    79 00007C9B                                 msg:
    80 00007C9B 0A 0A                           		DB		0x0a, 0x0a		; 줄바꿈 문자 2개
    81 00007C9D 67 6F 6F 64 20 69 20 65 20 79   		DB		"good i e yo you good good good"
       00007CA7 6F 20 79 6F 75 20 67 6F 6F 64 
       00007CB1 20 67 6F 6F 64 20 67 6F 6F 64 
    82 00007CBB 0A                              		DB		0x0a			; 줄바꿈
    83 00007CBC 00                              		DB		0
    84 00007CBD                                 
    85 00007CBD 00 00 00 00 00 00 00 00 00 00   		RESB	0x7dfe-$		; 나머지칸 0채우기
       00007CC7 00 00 00 00 00 00 00 00 00 00 
       00007CD1 00 00 00 00 00 00 00 00 00 00 
       00007CDB 00 00 00 00 00 00 00 00 00 00 
       00007CE5 00 00 00 00 00 00 00 00 00 00 
       00007CEF 00 00 00 00 00 00 00 00 00 00 
       00007CF9 00 00 00 00 00 00 00 00 00 00 
       00007D03 00 00 00 00 00 00 00 00 00 00 
       00007D0D 00 00 00 00 00 00 00 00 00 00 
       00007D17 00 00 00 00 00 00 00 00 00 00 
       00007D21 00 00 00 00 00 00 00 00 00 00 
       00007D2B 00 00 00 00 00 00 00 00 00 00 
       00007D35 00 00 00 00 00 00 00 00 00 00 
       00007D3F 00 00 00 00 00 00 00 00 00 00 
       00007D49 00 00 00 00 00 00 00 00 00 00 
       00007D53 00 00 00 00 00 00 00 00 00 00 
       00007D5D 00 00 00 00 00 00 00 00 00 00 
       00007D67 00 00 00 00 00 00 00 00 00 00 
       00007D71 00 00 00 00 00 00 00 00 00 00 
       00007D7B 00 00 00 00 00 00 00 00 00 00 
       00007D85 00 00 00 00 00 00 00 00 00 00 
       00007D8F 00 00 00 00 00 00 00 00 00 00 
       00007D99 00 00 00 00 00 00 00 00 00 00 
       00007DA3 00 00 00 00 00 00 00 00 00 00 
       00007DAD 00 00 00 00 00 00 00 00 00 00 
       00007DB7 00 00 00 00 00 00 00 00 00 00 
       00007DC1 00 00 00 00 00 00 00 00 00 00 
       00007DCB 00 00 00 00 00 00 00 00 00 00 
       00007DD5 00 00 00 00 00 00 00 00 00 00 
       00007DDF 00 00 00 00 00 00 00 00 00 00 
       00007DE9 00 00 00 00 00 00 00 00 00 00 
       00007DF3 00 00 00 00 00 00 00 00 00 00 
       00007DFD 00 
    86 00007DFE                                 
    87 00007DFE 55 AA                           		DB		0x55, 0xaa
    88 00007E00                                 
