     1 00000000                                 [FORMAT "WCOFF"]
     2 00000000                                 [INSTRSET "i486p"]
     3 00000000                                 [OPTIMIZE 1]
     4 00000000                                 [OPTION 1]
     5 00000000                                 [BITS 32]
     6 00000000                                 	EXTERN	_io_hlt
     7 00000000                                 	EXTERN	_io_load_eflags
     8 00000000                                 	EXTERN	_io_cli
     9 00000000                                 	EXTERN	_io_out8
    10 00000000                                 	EXTERN	_io_store_eflags
    11 00000000                                 	EXTERN	_hankaku
    12 00000000                                 [FILE "bootpack.c"]
    13                                          [SECTION .data]
    14 00000000                                 LC0:
    15 00000000 48 65 6C 6C 6F 20 42 41 42 4F   	DB	"Hello BABOYA",0x00
       0000000A 59 41 00 
    16 0000000D                                 LC1:
    17 0000000D 45 31 44 6C 4C 31 6C 4F 6C 45   	DB	"E1DlL1lOlE1 OlOF7l.",0x00
       00000017 31 20 4F 6C 4F 46 37 6C 2E 00 
    18 00000021                                 LC2:
    19 00000021 43 6F 6D 70 75 74 65 72 00      	DB	"Computer",0x00
    20 0000002A                                 LC3:
    21 0000002A 61 6E 6E 79 6F 68 61 73 73 65   	DB	"annyohasseyo?",0x00
       00000034 79 6F 3F 00 
    22                                          [SECTION .text]
    23 00000000                                 	GLOBAL	_HariMain
    24 00000000                                 _HariMain:
    25 00000000 55                              	PUSH	EBP
    26 00000001 89 E5                           	MOV	EBP,ESP
    27 00000003 E8 00000127                     	CALL	_init_palette
    28 00000008 0F BF 05 00000FF6               	MOVSX	EAX,WORD [4086]
    29 0000000F 50                              	PUSH	EAX
    30 00000010 0F BF 05 00000FF4               	MOVSX	EAX,WORD [4084]
    31 00000017 50                              	PUSH	EAX
    32 00000018 FF 35 00000FF8                  	PUSH	DWORD [4088]
    33 0000001E E8 000001F8                     	CALL	_init_screen
    34 00000023 68 [00000000]                   	PUSH	LC0
    35 00000028 6A 07                           	PUSH	7
    36 0000002A 6A 08                           	PUSH	8
    37 0000002C 6A 08                           	PUSH	8
    38 0000002E 0F BF 05 00000FF4               	MOVSX	EAX,WORD [4084]
    39 00000035 50                              	PUSH	EAX
    40 00000036 FF 35 00000FF8                  	PUSH	DWORD [4088]
    41 0000003C E8 000003EB                     	CALL	_putfonts8_asc
    42 00000041 83 C4 24                        	ADD	ESP,36
    43 00000044 68 [0000000D]                   	PUSH	LC1
    44 00000049 6A 00                           	PUSH	0
    45 0000004B 6A 1F                           	PUSH	31
    46 0000004D 6A 1F                           	PUSH	31
    47 0000004F 0F BF 05 00000FF4               	MOVSX	EAX,WORD [4084]
    48 00000056 50                              	PUSH	EAX
    49 00000057 FF 35 00000FF8                  	PUSH	DWORD [4088]
    50 0000005D E8 000003CA                     	CALL	_putfonts8_asc
    51 00000062 68 [0000000D]                   	PUSH	LC1
    52 00000067 6A 00                           	PUSH	0
    53 00000069 6A 1E                           	PUSH	30
    54 0000006B 6A 1E                           	PUSH	30
    55 0000006D 0F BF 05 00000FF4               	MOVSX	EAX,WORD [4084]
    56 00000074 50                              	PUSH	EAX
    57 00000075 FF 35 00000FF8                  	PUSH	DWORD [4088]
    58 0000007B E8 000003AC                     	CALL	_putfonts8_asc
    59 00000080 83 C4 30                        	ADD	ESP,48
    60 00000083 68 [00000021]                   	PUSH	LC2
    61 00000088 6A 07                           	PUSH	7
    62 0000008A 68 00000082                     	PUSH	130
    63 0000008F 6A 1E                           	PUSH	30
    64 00000091 0F BF 05 00000FF4               	MOVSX	EAX,WORD [4084]
    65 00000098 50                              	PUSH	EAX
    66 00000099 FF 35 00000FF8                  	PUSH	DWORD [4088]
    67 0000009F E8 00000388                     	CALL	_putfonts8_asc
    68 000000A4 68 [0000002A]                   	PUSH	LC3
    69 000000A9 6A 07                           	PUSH	7
    70 000000AB 68 00000096                     	PUSH	150
    71 000000B0 6A 3C                           	PUSH	60
    72 000000B2 0F BF 05 00000FF4               	MOVSX	EAX,WORD [4084]
    73 000000B9 50                              	PUSH	EAX
    74 000000BA FF 35 00000FF8                  	PUSH	DWORD [4088]
    75 000000C0 E8 00000367                     	CALL	_putfonts8_asc
    76 000000C5 83 C4 30                        	ADD	ESP,48
    77 000000C8 68 [00000000]                   	PUSH	LC0
    78 000000CD 6A 07                           	PUSH	7
    79 000000CF 6A 46                           	PUSH	70
    80 000000D1 6A 32                           	PUSH	50
    81 000000D3 0F BF 05 00000FF4               	MOVSX	EAX,WORD [4084]
    82 000000DA 50                              	PUSH	EAX
    83 000000DB FF 35 00000FF8                  	PUSH	DWORD [4088]
    84 000000E1 E8 00000346                     	CALL	_putfonts8_asc
    85 000000E6 68 [00000000]                   	PUSH	LC0
    86 000000EB 6A 07                           	PUSH	7
    87 000000ED 6A 4B                           	PUSH	75
    88 000000EF 6A 5A                           	PUSH	90
    89 000000F1 0F BF 05 00000FF4               	MOVSX	EAX,WORD [4084]
    90 000000F8 50                              	PUSH	EAX
    91 000000F9 FF 35 00000FF8                  	PUSH	DWORD [4088]
    92 000000FF E8 00000328                     	CALL	_putfonts8_asc
    93 00000104 83 C4 30                        	ADD	ESP,48
    94 00000107 68 [00000000]                   	PUSH	LC0
    95 0000010C 6A 07                           	PUSH	7
    96 0000010E 6A 3C                           	PUSH	60
    97 00000110 6A 37                           	PUSH	55
    98 00000112 0F BF 05 00000FF4               	MOVSX	EAX,WORD [4084]
    99 00000119 50                              	PUSH	EAX
   100 0000011A FF 35 00000FF8                  	PUSH	DWORD [4088]
   101 00000120 E8 00000307                     	CALL	_putfonts8_asc
   102 00000125 83 C4 18                        	ADD	ESP,24
   103 00000128                                 L2:
   104 00000128 E8 [00000000]                   	CALL	_io_hlt
   105 0000012D EB F9                           	JMP	L2
   106                                          [SECTION .data]
   107 00000038                                 _table_rgb.0:
   108 00000038 00                              	DB	0
   109 00000039 00                              	DB	0
   110 0000003A 00                              	DB	0
   111 0000003B FF                              	DB	-1
   112 0000003C 00                              	DB	0
   113 0000003D 00                              	DB	0
   114 0000003E 00                              	DB	0
   115 0000003F FF                              	DB	-1
   116 00000040 00                              	DB	0
   117 00000041 FF                              	DB	-1
   118 00000042 FF                              	DB	-1
   119 00000043 00                              	DB	0
   120 00000044 00                              	DB	0
   121 00000045 00                              	DB	0
   122 00000046 FF                              	DB	-1
   123 00000047 FF                              	DB	-1
   124 00000048 00                              	DB	0
   125 00000049 FF                              	DB	-1
   126 0000004A 00                              	DB	0
   127 0000004B FF                              	DB	-1
   128 0000004C FF                              	DB	-1
   129 0000004D FF                              	DB	-1
   130 0000004E FF                              	DB	-1
   131 0000004F FF                              	DB	-1
   132 00000050 C6                              	DB	-58
   133 00000051 C6                              	DB	-58
   134 00000052 C6                              	DB	-58
   135 00000053 84                              	DB	-124
   136 00000054 00                              	DB	0
   137 00000055 00                              	DB	0
   138 00000056 00                              	DB	0
   139 00000057 84                              	DB	-124
   140 00000058 00                              	DB	0
   141 00000059 84                              	DB	-124
   142 0000005A 84                              	DB	-124
   143 0000005B 00                              	DB	0
   144 0000005C 00                              	DB	0
   145 0000005D 00                              	DB	0
   146 0000005E 84                              	DB	-124
   147 0000005F 84                              	DB	-124
   148 00000060 00                              	DB	0
   149 00000061 84                              	DB	-124
   150 00000062 00                              	DB	0
   151 00000063 84                              	DB	-124
   152 00000064 84                              	DB	-124
   153 00000065 84                              	DB	-124
   154 00000066 84                              	DB	-124
   155 00000067 84                              	DB	-124
   156                                          [SECTION .text]
   157 0000012F                                 	GLOBAL	_init_palette
   158 0000012F                                 _init_palette:
   159 0000012F 55                              	PUSH	EBP
   160 00000130 89 E5                           	MOV	EBP,ESP
   161 00000132 68 [00000038]                   	PUSH	_table_rgb.0
   162 00000137 6A 0F                           	PUSH	15
   163 00000139 6A 00                           	PUSH	0
   164 0000013B E8 00000002                     	CALL	_set_palette
   165 00000140 C9                              	LEAVE
   166 00000141 C3                              	RET
   167 00000142                                 	GLOBAL	_set_palette
   168 00000142                                 _set_palette:
   169 00000142 55                              	PUSH	EBP
   170 00000143 89 E5                           	MOV	EBP,ESP
   171 00000145 57                              	PUSH	EDI
   172 00000146 56                              	PUSH	ESI
   173 00000147 53                              	PUSH	EBX
   174 00000148 51                              	PUSH	ECX
   175 00000149 8B 5D 08                        	MOV	EBX,DWORD [8+EBP]
   176 0000014C 8B 7D 0C                        	MOV	EDI,DWORD [12+EBP]
   177 0000014F 8B 75 10                        	MOV	ESI,DWORD [16+EBP]
   178 00000152 E8 [00000000]                   	CALL	_io_load_eflags
   179 00000157 89 45 F0                        	MOV	DWORD [-16+EBP],EAX
   180 0000015A E8 [00000000]                   	CALL	_io_cli
   181 0000015F 53                              	PUSH	EBX
   182 00000160 68 000003C8                     	PUSH	968
   183 00000165 E8 [00000000]                   	CALL	_io_out8
   184 0000016A 39 FB                           	CMP	EBX,EDI
   185 0000016C 58                              	POP	EAX
   186 0000016D 5A                              	POP	EDX
   187 0000016E 7E 12                           	JLE	L11
   188 00000170                                 L13:
   189 00000170 8B 45 F0                        	MOV	EAX,DWORD [-16+EBP]
   190 00000173 89 45 08                        	MOV	DWORD [8+EBP],EAX
   191 00000176 8D 65 F4                        	LEA	ESP,DWORD [-12+EBP]
   192 00000179 5B                              	POP	EBX
   193 0000017A 5E                              	POP	ESI
   194 0000017B 5F                              	POP	EDI
   195 0000017C 5D                              	POP	EBP
   196 0000017D E9 [00000000]                   	JMP	_io_store_eflags
   197 00000182                                 L11:
   198 00000182 8A 06                           	MOV	AL,BYTE [ESI]
   199 00000184 43                              	INC	EBX
   200 00000185 C0 E8 02                        	SHR	AL,2
   201 00000188 0F B6 C0                        	MOVZX	EAX,AL
   202 0000018B 50                              	PUSH	EAX
   203 0000018C 68 000003C9                     	PUSH	969
   204 00000191 E8 [00000000]                   	CALL	_io_out8
   205 00000196 8A 46 01                        	MOV	AL,BYTE [1+ESI]
   206 00000199 C0 E8 02                        	SHR	AL,2
   207 0000019C 0F B6 C0                        	MOVZX	EAX,AL
   208 0000019F 50                              	PUSH	EAX
   209 000001A0 68 000003C9                     	PUSH	969
   210 000001A5 E8 [00000000]                   	CALL	_io_out8
   211 000001AA 8A 46 02                        	MOV	AL,BYTE [2+ESI]
   212 000001AD C0 E8 02                        	SHR	AL,2
   213 000001B0 83 C6 03                        	ADD	ESI,3
   214 000001B3 0F B6 C0                        	MOVZX	EAX,AL
   215 000001B6 50                              	PUSH	EAX
   216 000001B7 68 000003C9                     	PUSH	969
   217 000001BC E8 [00000000]                   	CALL	_io_out8
   218 000001C1 83 C4 18                        	ADD	ESP,24
   219 000001C4 39 FB                           	CMP	EBX,EDI
   220 000001C6 7E BA                           	JLE	L11
   221 000001C8 EB A6                           	JMP	L13
   222 000001CA                                 	GLOBAL	_boxfill8
   223 000001CA                                 _boxfill8:
   224 000001CA 55                              	PUSH	EBP
   225 000001CB 89 E5                           	MOV	EBP,ESP
   226 000001CD 57                              	PUSH	EDI
   227 000001CE 56                              	PUSH	ESI
   228 000001CF 53                              	PUSH	EBX
   229 000001D0 57                              	PUSH	EDI
   230 000001D1 57                              	PUSH	EDI
   231 000001D2 8A 45 10                        	MOV	AL,BYTE [16+EBP]
   232 000001D5 8B 4D 18                        	MOV	ECX,DWORD [24+EBP]
   233 000001D8 8B 7D 1C                        	MOV	EDI,DWORD [28+EBP]
   234 000001DB 88 45 F3                        	MOV	BYTE [-13+EBP],AL
   235 000001DE 3B 4D 20                        	CMP	ECX,DWORD [32+EBP]
   236 000001E1 7F 31                           	JG	L26
   237 000001E3 8B 5D 0C                        	MOV	EBX,DWORD [12+EBP]
   238 000001E6 0F AF D9                        	IMUL	EBX,ECX
   239 000001E9                                 L24:
   240 000001E9 8B 55 14                        	MOV	EDX,DWORD [20+EBP]
   241 000001EC 39 FA                           	CMP	EDX,EDI
   242 000001EE 7F 1B                           	JG	L28
   243 000001F0 8B 75 08                        	MOV	ESI,DWORD [8+EBP]
   244 000001F3 01 DE                           	ADD	ESI,EBX
   245 000001F5 01 D6                           	ADD	ESI,EDX
   246 000001F7 89 75 EC                        	MOV	DWORD [-20+EBP],ESI
   247 000001FA                                 L23:
   248 000001FA 8B 75 EC                        	MOV	ESI,DWORD [-20+EBP]
   249 000001FD 8A 45 F3                        	MOV	AL,BYTE [-13+EBP]
   250 00000200 42                              	INC	EDX
   251 00000201 88 06                           	MOV	BYTE [ESI],AL
   252 00000203 46                              	INC	ESI
   253 00000204 89 75 EC                        	MOV	DWORD [-20+EBP],ESI
   254 00000207 39 FA                           	CMP	EDX,EDI
   255 00000209 7E EF                           	JLE	L23
   256 0000020B                                 L28:
   257 0000020B 41                              	INC	ECX
   258 0000020C 03 5D 0C                        	ADD	EBX,DWORD [12+EBP]
   259 0000020F 3B 4D 20                        	CMP	ECX,DWORD [32+EBP]
   260 00000212 7E D5                           	JLE	L24
   261 00000214                                 L26:
   262 00000214 5B                              	POP	EBX
   263 00000215 5E                              	POP	ESI
   264 00000216 5B                              	POP	EBX
   265 00000217 5E                              	POP	ESI
   266 00000218 5F                              	POP	EDI
   267 00000219 5D                              	POP	EBP
   268 0000021A C3                              	RET
   269 0000021B                                 	GLOBAL	_init_screen
   270 0000021B                                 _init_screen:
   271 0000021B 55                              	PUSH	EBP
   272 0000021C 89 E5                           	MOV	EBP,ESP
   273 0000021E 57                              	PUSH	EDI
   274 0000021F 56                              	PUSH	ESI
   275 00000220 53                              	PUSH	EBX
   276 00000221 83 EC 0C                        	SUB	ESP,12
   277 00000224 8B 45 10                        	MOV	EAX,DWORD [16+EBP]
   278 00000227 8B 7D 0C                        	MOV	EDI,DWORD [12+EBP]
   279 0000022A 83 E8 1D                        	SUB	EAX,29
   280 0000022D 4F                              	DEC	EDI
   281 0000022E 50                              	PUSH	EAX
   282 0000022F 57                              	PUSH	EDI
   283 00000230 6A 00                           	PUSH	0
   284 00000232 6A 00                           	PUSH	0
   285 00000234 6A 0E                           	PUSH	14
   286 00000236 FF 75 0C                        	PUSH	DWORD [12+EBP]
   287 00000239 FF 75 08                        	PUSH	DWORD [8+EBP]
   288 0000023C E8 FFFFFF89                     	CALL	_boxfill8
   289 00000241 8B 45 10                        	MOV	EAX,DWORD [16+EBP]
   290 00000244 83 E8 1C                        	SUB	EAX,28
   291 00000247 50                              	PUSH	EAX
   292 00000248 57                              	PUSH	EDI
   293 00000249 50                              	PUSH	EAX
   294 0000024A 6A 00                           	PUSH	0
   295 0000024C 6A 08                           	PUSH	8
   296 0000024E FF 75 0C                        	PUSH	DWORD [12+EBP]
   297 00000251 FF 75 08                        	PUSH	DWORD [8+EBP]
   298 00000254 E8 FFFFFF71                     	CALL	_boxfill8
   299 00000259 8B 45 10                        	MOV	EAX,DWORD [16+EBP]
   300 0000025C 83 C4 38                        	ADD	ESP,56
   301 0000025F 83 E8 1B                        	SUB	EAX,27
   302 00000262 50                              	PUSH	EAX
   303 00000263 57                              	PUSH	EDI
   304 00000264 50                              	PUSH	EAX
   305 00000265 6A 00                           	PUSH	0
   306 00000267 6A 07                           	PUSH	7
   307 00000269 FF 75 0C                        	PUSH	DWORD [12+EBP]
   308 0000026C FF 75 08                        	PUSH	DWORD [8+EBP]
   309 0000026F E8 FFFFFF56                     	CALL	_boxfill8
   310 00000274 8B 45 10                        	MOV	EAX,DWORD [16+EBP]
   311 00000277 48                              	DEC	EAX
   312 00000278 50                              	PUSH	EAX
   313 00000279 8B 45 10                        	MOV	EAX,DWORD [16+EBP]
   314 0000027C 57                              	PUSH	EDI
   315 0000027D 83 E8 1A                        	SUB	EAX,26
   316 00000280 50                              	PUSH	EAX
   317 00000281 6A 00                           	PUSH	0
   318 00000283 6A 08                           	PUSH	8
   319 00000285 FF 75 0C                        	PUSH	DWORD [12+EBP]
   320 00000288 FF 75 08                        	PUSH	DWORD [8+EBP]
   321 0000028B E8 FFFFFF3A                     	CALL	_boxfill8
   322 00000290 8B 75 10                        	MOV	ESI,DWORD [16+EBP]
   323 00000293 83 C4 38                        	ADD	ESP,56
   324 00000296 83 EE 18                        	SUB	ESI,24
   325 00000299 56                              	PUSH	ESI
   326 0000029A 6A 3B                           	PUSH	59
   327 0000029C 56                              	PUSH	ESI
   328 0000029D 6A 03                           	PUSH	3
   329 0000029F 6A 07                           	PUSH	7
   330 000002A1 FF 75 0C                        	PUSH	DWORD [12+EBP]
   331 000002A4 FF 75 08                        	PUSH	DWORD [8+EBP]
   332 000002A7 E8 FFFFFF1E                     	CALL	_boxfill8
   333 000002AC 8B 45 10                        	MOV	EAX,DWORD [16+EBP]
   334 000002AF 83 E8 04                        	SUB	EAX,4
   335 000002B2 50                              	PUSH	EAX
   336 000002B3 89 45 F0                        	MOV	DWORD [-16+EBP],EAX
   337 000002B6 6A 02                           	PUSH	2
   338 000002B8 56                              	PUSH	ESI
   339 000002B9 6A 02                           	PUSH	2
   340 000002BB 6A 07                           	PUSH	7
   341 000002BD FF 75 0C                        	PUSH	DWORD [12+EBP]
   342 000002C0 FF 75 08                        	PUSH	DWORD [8+EBP]
   343 000002C3 E8 FFFFFF02                     	CALL	_boxfill8
   344 000002C8 83 C4 38                        	ADD	ESP,56
   345 000002CB FF 75 F0                        	PUSH	DWORD [-16+EBP]
   346 000002CE 6A 3B                           	PUSH	59
   347 000002D0 FF 75 F0                        	PUSH	DWORD [-16+EBP]
   348 000002D3 6A 03                           	PUSH	3
   349 000002D5 6A 0F                           	PUSH	15
   350 000002D7 FF 75 0C                        	PUSH	DWORD [12+EBP]
   351 000002DA FF 75 08                        	PUSH	DWORD [8+EBP]
   352 000002DD E8 FFFFFEE8                     	CALL	_boxfill8
   353 000002E2 8B 45 10                        	MOV	EAX,DWORD [16+EBP]
   354 000002E5 83 E8 05                        	SUB	EAX,5
   355 000002E8 50                              	PUSH	EAX
   356 000002E9 8B 45 10                        	MOV	EAX,DWORD [16+EBP]
   357 000002EC 6A 3B                           	PUSH	59
   358 000002EE 83 E8 17                        	SUB	EAX,23
   359 000002F1 50                              	PUSH	EAX
   360 000002F2 89 45 EC                        	MOV	DWORD [-20+EBP],EAX
   361 000002F5 6A 3B                           	PUSH	59
   362 000002F7 6A 0F                           	PUSH	15
   363 000002F9 FF 75 0C                        	PUSH	DWORD [12+EBP]
   364 000002FC FF 75 08                        	PUSH	DWORD [8+EBP]
   365 000002FF E8 FFFFFEC6                     	CALL	_boxfill8
   366 00000304 8B 45 10                        	MOV	EAX,DWORD [16+EBP]
   367 00000307 83 C4 38                        	ADD	ESP,56
   368 0000030A 83 E8 03                        	SUB	EAX,3
   369 0000030D 89 45 E8                        	MOV	DWORD [-24+EBP],EAX
   370 00000310 50                              	PUSH	EAX
   371 00000311 6A 3B                           	PUSH	59
   372 00000313 50                              	PUSH	EAX
   373 00000314 6A 02                           	PUSH	2
   374 00000316 6A 00                           	PUSH	0
   375 00000318 FF 75 0C                        	PUSH	DWORD [12+EBP]
   376 0000031B FF 75 08                        	PUSH	DWORD [8+EBP]
   377 0000031E E8 FFFFFEA7                     	CALL	_boxfill8
   378 00000323 FF 75 E8                        	PUSH	DWORD [-24+EBP]
   379 00000326 6A 3C                           	PUSH	60
   380 00000328 56                              	PUSH	ESI
   381 00000329 6A 3C                           	PUSH	60
   382 0000032B 6A 00                           	PUSH	0
   383 0000032D FF 75 0C                        	PUSH	DWORD [12+EBP]
   384 00000330 FF 75 08                        	PUSH	DWORD [8+EBP]
   385 00000333 E8 FFFFFE92                     	CALL	_boxfill8
   386 00000338 8B 7D 0C                        	MOV	EDI,DWORD [12+EBP]
   387 0000033B 83 C4 38                        	ADD	ESP,56
   388 0000033E 8B 5D 0C                        	MOV	EBX,DWORD [12+EBP]
   389 00000341 83 EB 04                        	SUB	EBX,4
   390 00000344 83 EF 2F                        	SUB	EDI,47
   391 00000347 56                              	PUSH	ESI
   392 00000348 53                              	PUSH	EBX
   393 00000349 56                              	PUSH	ESI
   394 0000034A 57                              	PUSH	EDI
   395 0000034B 6A 0F                           	PUSH	15
   396 0000034D FF 75 0C                        	PUSH	DWORD [12+EBP]
   397 00000350 FF 75 08                        	PUSH	DWORD [8+EBP]
   398 00000353 E8 FFFFFE72                     	CALL	_boxfill8
   399 00000358 FF 75 F0                        	PUSH	DWORD [-16+EBP]
   400 0000035B 57                              	PUSH	EDI
   401 0000035C FF 75 EC                        	PUSH	DWORD [-20+EBP]
   402 0000035F 57                              	PUSH	EDI
   403 00000360 6A 0F                           	PUSH	15
   404 00000362 FF 75 0C                        	PUSH	DWORD [12+EBP]
   405 00000365 FF 75 08                        	PUSH	DWORD [8+EBP]
   406 00000368 E8 FFFFFE5D                     	CALL	_boxfill8
   407 0000036D 83 C4 38                        	ADD	ESP,56
   408 00000370 FF 75 E8                        	PUSH	DWORD [-24+EBP]
   409 00000373 53                              	PUSH	EBX
   410 00000374 FF 75 E8                        	PUSH	DWORD [-24+EBP]
   411 00000377 57                              	PUSH	EDI
   412 00000378 6A 07                           	PUSH	7
   413 0000037A FF 75 0C                        	PUSH	DWORD [12+EBP]
   414 0000037D FF 75 08                        	PUSH	DWORD [8+EBP]
   415 00000380 E8 FFFFFE45                     	CALL	_boxfill8
   416 00000385 8B 45 0C                        	MOV	EAX,DWORD [12+EBP]
   417 00000388 FF 75 E8                        	PUSH	DWORD [-24+EBP]
   418 0000038B 83 E8 03                        	SUB	EAX,3
   419 0000038E 50                              	PUSH	EAX
   420 0000038F 56                              	PUSH	ESI
   421 00000390 50                              	PUSH	EAX
   422 00000391 6A 07                           	PUSH	7
   423 00000393 FF 75 0C                        	PUSH	DWORD [12+EBP]
   424 00000396 FF 75 08                        	PUSH	DWORD [8+EBP]
   425 00000399 E8 FFFFFE2C                     	CALL	_boxfill8
   426 0000039E 8D 65 F4                        	LEA	ESP,DWORD [-12+EBP]
   427 000003A1 5B                              	POP	EBX
   428 000003A2 5E                              	POP	ESI
   429 000003A3 5F                              	POP	EDI
   430 000003A4 5D                              	POP	EBP
   431 000003A5 C3                              	RET
   432 000003A6                                 	GLOBAL	_putfont8
   433 000003A6                                 _putfont8:
   434 000003A6 55                              	PUSH	EBP
   435 000003A7 89 E5                           	MOV	EBP,ESP
   436 000003A9 57                              	PUSH	EDI
   437 000003AA 56                              	PUSH	ESI
   438 000003AB 31 F6                           	XOR	ESI,ESI
   439 000003AD 53                              	PUSH	EBX
   440 000003AE 8B 7D 1C                        	MOV	EDI,DWORD [28+EBP]
   441 000003B1 8A 5D 18                        	MOV	BL,BYTE [24+EBP]
   442 000003B4                                 L43:
   443 000003B4 8B 45 14                        	MOV	EAX,DWORD [20+EBP]
   444 000003B7 8B 55 10                        	MOV	EDX,DWORD [16+EBP]
   445 000003BA 01 F0                           	ADD	EAX,ESI
   446 000003BC 0F AF 45 0C                     	IMUL	EAX,DWORD [12+EBP]
   447 000003C0 03 45 08                        	ADD	EAX,DWORD [8+EBP]
   448 000003C3 8D 0C 02                        	LEA	ECX,DWORD [EDX+EAX*1]
   449 000003C6 8A 14 3E                        	MOV	DL,BYTE [ESI+EDI*1]
   450 000003C9 84 D2                           	TEST	DL,DL
   451 000003CB 79 02                           	JNS	L35
   452 000003CD 88 19                           	MOV	BYTE [ECX],BL
   453 000003CF                                 L35:
   454 000003CF 88 D0                           	MOV	AL,DL
   455 000003D1 83 E0 40                        	AND	EAX,64
   456 000003D4 84 C0                           	TEST	AL,AL
   457 000003D6 74 03                           	JE	L36
   458 000003D8 88 59 01                        	MOV	BYTE [1+ECX],BL
   459 000003DB                                 L36:
   460 000003DB 88 D0                           	MOV	AL,DL
   461 000003DD 83 E0 20                        	AND	EAX,32
   462 000003E0 84 C0                           	TEST	AL,AL
   463 000003E2 74 03                           	JE	L37
   464 000003E4 88 59 02                        	MOV	BYTE [2+ECX],BL
   465 000003E7                                 L37:
   466 000003E7 88 D0                           	MOV	AL,DL
   467 000003E9 83 E0 10                        	AND	EAX,16
   468 000003EC 84 C0                           	TEST	AL,AL
   469 000003EE 74 03                           	JE	L38
   470 000003F0 88 59 03                        	MOV	BYTE [3+ECX],BL
   471 000003F3                                 L38:
   472 000003F3 88 D0                           	MOV	AL,DL
   473 000003F5 83 E0 08                        	AND	EAX,8
   474 000003F8 84 C0                           	TEST	AL,AL
   475 000003FA 74 03                           	JE	L39
   476 000003FC 88 59 04                        	MOV	BYTE [4+ECX],BL
   477 000003FF                                 L39:
   478 000003FF 88 D0                           	MOV	AL,DL
   479 00000401 83 E0 04                        	AND	EAX,4
   480 00000404 84 C0                           	TEST	AL,AL
   481 00000406 74 03                           	JE	L40
   482 00000408 88 59 05                        	MOV	BYTE [5+ECX],BL
   483 0000040B                                 L40:
   484 0000040B 88 D0                           	MOV	AL,DL
   485 0000040D 83 E0 02                        	AND	EAX,2
   486 00000410 84 C0                           	TEST	AL,AL
   487 00000412 74 03                           	JE	L41
   488 00000414 88 59 06                        	MOV	BYTE [6+ECX],BL
   489 00000417                                 L41:
   490 00000417 83 E2 01                        	AND	EDX,1
   491 0000041A 84 D2                           	TEST	DL,DL
   492 0000041C 74 03                           	JE	L33
   493 0000041E 88 59 07                        	MOV	BYTE [7+ECX],BL
   494 00000421                                 L33:
   495 00000421 46                              	INC	ESI
   496 00000422 83 FE 0F                        	CMP	ESI,15
   497 00000425 7E 8D                           	JLE	L43
   498 00000427 5B                              	POP	EBX
   499 00000428 5E                              	POP	ESI
   500 00000429 5F                              	POP	EDI
   501 0000042A 5D                              	POP	EBP
   502 0000042B C3                              	RET
   503 0000042C                                 	GLOBAL	_putfonts8_asc
   504 0000042C                                 _putfonts8_asc:
   505 0000042C 55                              	PUSH	EBP
   506 0000042D 89 E5                           	MOV	EBP,ESP
   507 0000042F 57                              	PUSH	EDI
   508 00000430 56                              	PUSH	ESI
   509 00000431 53                              	PUSH	EBX
   510 00000432 50                              	PUSH	EAX
   511 00000433 8B 5D 1C                        	MOV	EBX,DWORD [28+EBP]
   512 00000436 8A 45 18                        	MOV	AL,BYTE [24+EBP]
   513 00000439 88 45 F3                        	MOV	BYTE [-13+EBP],AL
   514 0000043C 8B 75 10                        	MOV	ESI,DWORD [16+EBP]
   515 0000043F 8B 7D 14                        	MOV	EDI,DWORD [20+EBP]
   516 00000442 80 3B 00                        	CMP	BYTE [EBX],0
   517 00000445 75 08                           	JNE	L51
   518 00000447                                 L53:
   519 00000447 8D 65 F4                        	LEA	ESP,DWORD [-12+EBP]
   520 0000044A 5B                              	POP	EBX
   521 0000044B 5E                              	POP	ESI
   522 0000044C 5F                              	POP	EDI
   523 0000044D 5D                              	POP	EBP
   524 0000044E C3                              	RET
   525 0000044F                                 L51:
   526 0000044F 0F B6 03                        	MOVZX	EAX,BYTE [EBX]
   527 00000452 C1 E0 04                        	SAL	EAX,4
   528 00000455 43                              	INC	EBX
   529 00000456 05 [00000000]                   	ADD	EAX,_hankaku
   530 0000045B 50                              	PUSH	EAX
   531 0000045C 0F BE 45 F3                     	MOVSX	EAX,BYTE [-13+EBP]
   532 00000460 50                              	PUSH	EAX
   533 00000461 57                              	PUSH	EDI
   534 00000462 56                              	PUSH	ESI
   535 00000463 83 C6 08                        	ADD	ESI,8
   536 00000466 FF 75 0C                        	PUSH	DWORD [12+EBP]
   537 00000469 FF 75 08                        	PUSH	DWORD [8+EBP]
   538 0000046C E8 FFFFFF35                     	CALL	_putfont8
   539 00000471 83 C4 18                        	ADD	ESP,24
   540 00000474 80 3B 00                        	CMP	BYTE [EBX],0
   541 00000477 75 D6                           	JNE	L51
   542 00000479 EB CC                           	JMP	L53
